Determining if the pthread_create exist failed with the following output:
Change Dir: /home/warproxxx/Desktop/Practise/troy/05-unit-testing/google-test/build/CMakeFiles/CMakeTmp

Run Build Command:"/usr/bin/make" "cmTC_74e53/fast"
/usr/bin/make -f CMakeFiles/cmTC_74e53.dir/build.make CMakeFiles/cmTC_74e53.dir/build
make[1]: Entering directory '/home/warproxxx/Desktop/Practise/troy/05-unit-testing/google-test/build/CMakeFiles/CMakeTmp'
Building C object CMakeFiles/cmTC_74e53.dir/CheckSymbolExists.c.o
/usr/bin/cc     -o CMakeFiles/cmTC_74e53.dir/CheckSymbolExists.c.o   -c /home/warproxxx/Desktop/Practise/troy/05-unit-testing/google-test/build/CMakeFiles/CMakeTmp/CheckSymbolExists.c
Linking C executable cmTC_74e53
/usr/bin/cmake -E cmake_link_script CMakeFiles/cmTC_74e53.dir/link.txt --verbose=1
/usr/bin/cc       CMakeFiles/cmTC_74e53.dir/CheckSymbolExists.c.o  -o cmTC_74e53 -rdynamic 
CMakeFiles/cmTC_74e53.dir/CheckSymbolExists.c.o: In function `main':
CheckSymbolExists.c:(.text+0x16): undefined reference to `pthread_create'
collect2: error: ld returned 1 exit status
CMakeFiles/cmTC_74e53.dir/build.make:97: recipe for target 'cmTC_74e53' failed
make[1]: *** [cmTC_74e53] Error 1
make[1]: Leaving directory '/home/warproxxx/Desktop/Practise/troy/05-unit-testing/google-test/build/CMakeFiles/CMakeTmp'
Makefile:126: recipe for target 'cmTC_74e53/fast' failed
make: *** [cmTC_74e53/fast] Error 2

File /home/warproxxx/Desktop/Practise/troy/05-unit-testing/google-test/build/CMakeFiles/CMakeTmp/CheckSymbolExists.c:
/* */
#include <pthread.h>

int main(int argc, char** argv)
{
  (void)argv;
#ifndef pthread_create
  return ((int*)(&pthread_create))[argc];
#else
  (void)argc;
  return 0;
#endif
}

